#
# A fatal error has been detected by the Java Runtime Environment:
#
#  SIGSEGV (0xb) at pc=0x0000000103ec106c, pid=43942, tid=10243
#
# JRE version: Java(TM) SE Runtime Environment (17.0.6+9) (build 17.0.6+9-LTS-190)
# Java VM: Java HotSpot(TM) 64-Bit Server VM (17.0.6+9-LTS-190, mixed mode, sharing, tiered, compressed oops, compressed class ptrs, g1 gc, bsd-aarch64)
# Problematic frame:
# C  [libjava-tree-sitter.dylib+0x4906c]  ts_language_symbol_name+0x30
#
# No core dump will be written. Core dumps have been disabled. To enable core dumping, try "ulimit -c unlimited" before starting Java again
#
# If you would like to submit a bug report, please visit:
#   https://bugreport.java.com/bugreport/crash.jsp
# The crash happened outside the Java Virtual Machine in native code.
# See problematic frame for where to report the bug.
#

---------------  S U M M A R Y ------------

Command Line: -Dfile.encoding=UTF-8 -Duser.country=KR -Duser.language=ko -Duser.variant org.example.ProjectParser

Host: "MacBookAir10,1" arm64 1 MHz, 8 cores, 16G, Darwin 21.6.0, macOS 12.6 (21G115)
Time: Mon Nov 20 15:48:54 2023 KST elapsed time: 0.078742 seconds (0d 0h 0m 0s)

---------------  T H R E A D  ---------------

Current thread (0x000000011e808200):  JavaThread "main" [_thread_in_native, id=10243, stack(0x000000016d11c000,0x000000016d31f000)]

Stack: [0x000000016d11c000,0x000000016d31f000],  sp=0x000000016d31e720,  free space=2057k
Native frames: (J=compiled Java code, j=interpreted, Vv=VM code, C=native code)
C  [libjava-tree-sitter.dylib+0x4906c]  ts_language_symbol_name+0x30
j  ai.serenade.treesitter.TreeSitter.nodeType(Lai/serenade/treesitter/Node;)Ljava/lang/String;+0
j  ai.serenade.treesitter.Node.getType()Ljava/lang/String;+1
j  org.example.parser.service.TreeParserService.convertToSymbol(Lai/serenade/treesitter/Node;Lorg/example/sourceCode/SourceCode;)V+4
j  org.example.parser.service.TreeParserService.makeSymbol(Lorg/example/sourceCode/SourceCode;)V+24
j  org.example.ProjectParser.lambda$main$0(Lorg/example/parser/service/TreeParserService;Lorg/example/sourceCode/SourceCode;)V+2
j  org.example.ProjectParser$$Lambda$7+0x0000000800c02228.accept(Ljava/lang/Object;)V+8
j  java.util.ArrayList.forEach(Ljava/util/function/Consumer;)V+46 java.base@17.0.6
j  org.example.ProjectParser.main([Ljava/lang/String;)V+58
v  ~StubRoutines::call_stub
V  [libjvm.dylib+0x465e1c]  JavaCalls::call_helper(JavaValue*, methodHandle const&, JavaCallArguments*, JavaThread*)+0x38c
V  [libjvm.dylib+0x4c705c]  jni_invoke_static(JNIEnv_*, JavaValue*, _jobject*, JNICallType, _jmethodID*, JNI_ArgumentPusher*, JavaThread*)+0x12c
V  [libjvm.dylib+0x4ca4b0]  jni_CallStaticVoidMethod+0x118
C  [libjli.dylib+0x5378]  JavaMain+0x9d4
C  [libjli.dylib+0x76e8]  ThreadJavaMain+0xc
C  [libsystem_pthread.dylib+0x726c]  _pthread_start+0x94

Java frames: (J=compiled Java code, j=interpreted, Vv=VM code)
j  ai.serenade.treesitter.TreeSitter.nodeType(Lai/serenade/treesitter/Node;)Ljava/lang/String;+0
j  ai.serenade.treesitter.Node.getType()Ljava/lang/String;+1
j  org.example.parser.service.TreeParserService.convertToSymbol(Lai/serenade/treesitter/Node;Lorg/example/sourceCode/SourceCode;)V+4
j  org.example.parser.service.TreeParserService.makeSymbol(Lorg/example/sourceCode/SourceCode;)V+24
j  org.example.ProjectParser.lambda$main$0(Lorg/example/parser/service/TreeParserService;Lorg/example/sourceCode/SourceCode;)V+2
j  org.example.ProjectParser$$Lambda$7+0x0000000800c02228.accept(Ljava/lang/Object;)V+8
j  java.util.ArrayList.forEach(Ljava/util/function/Consumer;)V+46 java.base@17.0.6
j  org.example.ProjectParser.main([Ljava/lang/String;)V+58
v  ~StubRoutines::call_stub

siginfo: si_signo: 11 (SIGSEGV), si_code: 2 (SEGV_ACCERR), si_addr: 0x0000000000000078

Register to memory mapping:

 x0=0x0000000000000074 is an unknown value
 x1=0x0 is NULL
 x2=0x0000000000000062 is an unknown value
 x3=0x000000070feeb190 is an oop: ai.serenade.treesitter.Node 
{0x000000070feeb190} - klass: 'ai/serenade/treesitter/Node'
 - ---- fields (total size 6 words):
 - private 'context0' 'I' @12  0
 - private 'id' 'J' @16  105553180051552 (3cd4860 6000)
 - private 'tree' 'J' @24  105553180051552 (3cd4860 6000)
 - private 'context1' 'I' @32  0
 - private 'context2' 'I' @36  0
 - private 'context3' 'I' @40  0
 x4=0x0 is NULL
 x5=0x0000000000000018 is an unknown value
 x6=0x0000000104cc0000: _ZN15PerfDataManager4_allE+0 in /Library/Java/JavaVirtualMachines/jdk-17.jdk/Contents/Home/lib/server/libjvm.dylib at 0x0000000104118000
 x7=0x0000600003cd4860 points into unknown readable memory: 0x0000001800000001 | 01 00 00 00 18 00 00 00
 x8=0x000000000000fffe is an unknown value
 x9=0x0000600003cd4860 points into unknown readable memory: 0x0000001800000001 | 01 00 00 00 18 00 00 00
x10=0x0000000103e7b10c: Java_ai_serenade_treesitter_TreeSitter_nodeType+0 in /Users/kws/tmax_cloud/tree-sitter/tree-sitter-parser/libjava-tree-sitter.dylib at 0x0000000103e78000
x11=0x0000000000000002 is an unknown value
x12={method} {0x0000000142c07648} 'nodeType' '(Lai/serenade/treesitter/Node;)Ljava/lang/String;' in 'ai/serenade/treesitter/TreeSitter'
x13={method} {0x0000000142c07648} 'nodeType' '(Lai/serenade/treesitter/Node;)Ljava/lang/String;' in 'ai/serenade/treesitter/TreeSitter'
x14=0x00000000b665a800 is an unknown value
x15=0x00000000000000b5 is an unknown value
x16=0x000000019833cf5c: pthread_jit_write_protect_np+0 in /usr/lib/system/libsystem_pthread.dylib at 0x0000000198335000
x17=0x000000070fee4d88 is an oop: java.lang.Class 
{0x000000070fee4d88} - klass: 'java/lang/Class'
 - ---- fields (total size 14 words):
 - private volatile transient 'classRedefinedCount' 'I' @12  0
 - private volatile transient 'cachedConstructor' 'Ljava/lang/reflect/Constructor;' @40  NULL (0)
 - private transient 'name' 'Ljava/lang/String;' @44  "ai.serenade.treesitter.TreeSitter"{0x000000070fee4e08} (e1fdc9c1)
 - private transient 'module' 'Ljava/lang/Module;' @48  a 'java/lang/Module'{0x00000007ffd57cb0} (fffaaf96)
 - private final 'classLoader' 'Ljava/lang/ClassLoader;' @52  a 'jdk/internal/loader/ClassLoaders$AppClassLoader'{0x00000007ffd57528} (fffaaea5)
 - private transient 'classData' 'Ljava/lang/Object;' @56  NULL (0)
 - private transient 'packageName' 'Ljava/lang/String;' @60  "ai.serenade.treesitter"{0x000000070fe21128} (e1fc4225)
 - private final 'componentType' 'Ljava/lang/Class;' @64  NULL (0)
 - private volatile transient 'reflectionData' 'Ljava/lang/ref/SoftReference;' @68  NULL (0)
 - private volatile transient 'genericInfo' 'Lsun/reflect/generics/repository/ClassRepository;' @72  NULL (0)
 - private volatile transient 'enumConstants' '[Ljava/lang/Object;' @76  NULL (0)
 - private volatile transient 'enumConstantDirectory' 'Ljava/util/Map;' @80  NULL (0)
 - private volatile transient 'annotationData' 'Ljava/lang/Class$AnnotationData;' @84  NULL (0)
 - private volatile transient 'annotationType' 'Lsun/reflect/annotation/AnnotationType;' @88  NULL (0)
 - transient 'classValueMap' 'Ljava/lang/ClassValue$ClassValueMap;' @92  NULL (0)
 - signature: Lai/serenade/treesitter/TreeSitter;
 - fake entry for mirror: 'ai/serenade/treesitter/TreeSitter'
 - fake entry for array: NULL
 - fake entry for oop_size: 14
 - fake entry for static_oop_field_count: 0
x18=0x0 is NULL
x19=0x000000011e8084a8 points into unknown readable memory: 0x0000000104c7e7c8 | c8 e7 c7 04 01 00 00 00
x20=0x000000016d31e7f8 is pointing into the stack for thread: 0x000000011e808200
x21=0x0000000103fe3760: _MergedGlobals+0x8 in /Users/kws/tmax_cloud/tree-sitter/tree-sitter-parser/libjava-tree-sitter.dylib at 0x0000000103e78000
x22=0x0 is NULL
x23=0x0000000113d587c0 is at code_begin+0 in an Interpreter codelet
method entry point (kind = zerolocals)  [0x0000000113d587c0, 0x0000000113d58ac0]  768 bytes
x24=0x000000016d31e7f8 is pointing into the stack for thread: 0x000000011e808200
x25=0x0000000000000001 is an unknown value
x26=0x0000000142c07f00 is pointing into metadata
x27=0x0 is NULL
x28=0x000000011e808200 is a thread


Registers:
 x0=0x0000000000000074  x1=0x0000000000000000  x2=0x0000000000000062  x3=0x000000070feeb190
 x4=0x0000000000000000  x5=0x0000000000000018  x6=0x0000000104cc0000  x7=0x0000600003cd4860
 x8=0x000000000000fffe  x9=0x0000600003cd4860 x10=0x0000000103e7b10c x11=0x0000000000000002
x12=0x0000000142c07648 x13=0x0000000142c07648 x14=0x00000000b665a800 x15=0x00000000000000b5
x16=0x000000019833cf5c x17=0x000000070fee4d88 x18=0x0000000000000000 x19=0x000000011e8084a8
x20=0x000000016d31e7f8 x21=0x0000000103fe3760 x22=0x0000000000000000 x23=0x0000000113d587c0
x24=0x000000016d31e7f8 x25=0x0000000000000001 x26=0x0000000142c07f00 x27=0x0000000000000000
x28=0x000000011e808200  fp=0x000000016d31e760  lr=0x0000000103e7b1dc  sp=0x000000016d31e720
pc=0x0000000103ec106c cpsr=0x0000000080001000
Top of Stack: (sp=0x000000016d31e720)
0x000000016d31e720:   0000000000000000 0000000000000000
0x000000016d31e730:   0000600003cd4860 0000600003cd4860
0x000000016d31e740:   0000000000000000 0000000104cc8ff8
0x000000016d31e750:   000000016d31e778 0000000113d5773c
0x000000016d31e760:   000000016d31e7d0 0000000113d598ac
0x000000016d31e770:   0000000113d596cc 0000000142c07648
0x000000016d31e780:   000000016d31e780 0000000000000000
0x000000016d31e790:   000000016d31e7f8 0000000142c07f00
0x000000016d31e7a0:   000000070fee4d88 0000000000000000
0x000000016d31e7b0:   0000000000000000 0000000142c07648
0x000000016d31e7c0:   0000000000000000 000000016d31e7d0
0x000000016d31e7d0:   000000016d31e850 0000000113d55d80
0x000000016d31e7e0:   0000000000000000 000000070fee4d88
0x000000016d31e7f0:   000000016d31e860 000000070feeb190
0x000000016d31e800:   000000016d31e800 0000000142c01261
0x000000016d31e810:   000000016d31e860 0000000142c01378
0x000000016d31e820:   000000070fe256c0 0000000000000000
0x000000016d31e830:   0000000000000000 0000000142c01278
0x000000016d31e840:   000000016d31e7f8 000000016d31e820
0x000000016d31e850:   000000016d31e8c0 0000000113d55d80
0x000000016d31e860:   000000070feeb190 000000070fe08058
0x000000016d31e870:   000000016d31e870 0000000142c02994
0x000000016d31e880:   000000016d31e8f8 0000000142c02cd0
0x000000016d31e890:   000000070fe2aad0 0000000000000000
0x000000016d31e8a0:   0000000000000000 0000000142c02a28
0x000000016d31e8b0:   000000016d31e860 000000016d31e8c0
0x000000016d31e8c0:   000000016d31e950 0000000113d55fc8
0x000000016d31e8d0:   000000016d31e950 0000000000000000
0x000000016d31e8e0:   0000000000000000 000000070fe5e040
0x000000016d31e8f0:   000000070feeb190 000000070fe2ad20
0x000000016d31e900:   000000016d31e900 0000000142c027f0
0x000000016d31e910:   000000016d31e978 0000000142c02cd0 

Instructions: (pc=0x0000000103ec106c)
0x0000000103ec0f6c:   aa0b03ea 6b08013f 54fffdc1 17ffffdb
0x0000000103ec0f7c:   9100114b d280000c 11000529 aa0b03ea
0x0000000103ec0f8c:   6b08013f 54fffce1 17ffffd4 d280000c
0x0000000103ec0f9c:   17ffffd2 940044f4 529fffe8 6b08003f
0x0000000103ec0fac:   54000160 529fffc8 6b08003f 540001e1
0x0000000103ec0fbc:   52800008 5280000a 52800009 53185d4a
0x0000000103ec0fcc:   33101d2a 2a080140 d65f03c0 52800009
0x0000000103ec0fdc:   52800028 5280002a 53185d4a 33101d2a
0x0000000103ec0fec:   2a080140 d65f03c0 f9403408 2a0103e9
0x0000000103ec0ffc:   8b214529 8b090109 39400128 3940052a
0x0000000103ec100c:   39400929 53185d4a 33101d2a 2a080140
0x0000000103ec101c:   d65f03c0 aa0003e8 529fffe0 6b00003f
0x0000000103ec102c:   54000060 f9403908 78615900 d65f03c0
0x0000000103ec103c:   529fffe8 6b08003f 540000e0 529fffc8
0x0000000103ec104c:   6b08003f 540000e1 500a4f60 d503201f
0x0000000103ec105c:   d65f03c0 100a4ee0 d503201f d65f03c0
0x0000000103ec106c:   2940a408 0b080128 6b01011f 54000089
0x0000000103ec107c:   f9402408 f8615900 d65f03c0 d2800000
0x0000000103ec108c:   d65f03c0 a9ba6ffc a90167fa a9025ff8
0x0000000103ec109c:   a90357f6 a9044ff4 a9057bfd 910143fd
0x0000000103ec10ac:   aa0303f4 aa0103f5 aa0003f3 2a0203f6
0x0000000103ec10bc:   100a4c01 d503201f aa1503e0 aa1603e2
0x0000000103ec10cc:   94004857 34000740 2940a668 2b080138
0x0000000103ec10dc:   540006a0 52800019 529ffffa 529fffdb
0x0000000103ec10ec:   14000004 11000739 6b39231f 540005c9
0x0000000103ec10fc:   12003f28 6b1a011f 54000120 6b1b011f
0x0000000103ec110c:   540001a1 52800008 52800009 5280000a
0x0000000103ec111c:   2a080148 3607fe88 14000011 5280000a
0x0000000103ec112c:   52800028 52800029 2a080148 37000188
0x0000000103ec113c:   17ffffed f9403668 aa1903e9 92403d2a
0x0000000103ec114c:   8b292549 8b09010a 39400148 39400549
0x0000000103ec115c:   3940094a 2a080148 3607fc68 7200013f 


Stack slot to memory mapping:
stack at sp + 0 slots: 0x0 is NULL
stack at sp + 1 slots: 0x0 is NULL
stack at sp + 2 slots: 0x0000600003cd4860 points into unknown readable memory: 0x0000001800000001 | 01 00 00 00 18 00 00 00
stack at sp + 3 slots: 0x0000600003cd4860 points into unknown readable memory: 0x0000001800000001 | 01 00 00 00 18 00 00 00
stack at sp + 4 slots: 0x0 is NULL
stack at sp + 5 slots: 0x0000000104cc8ff8: _ZN19TemplateInterpreter13_active_tableE+0 in /Library/Java/JavaVirtualMachines/jdk-17.jdk/Contents/Home/lib/server/libjvm.dylib at 0x0000000104118000
stack at sp + 6 slots: 0x000000016d31e778 is pointing into the stack for thread: 0x000000011e808200
stack at sp + 7 slots: 0x0000000113d5773c is at code_begin+60 in an Interpreter codelet
result handlers for native calls  [0x0000000113d57700, 0x0000000113d57780]  128 bytes


---------------  P R O C E S S  ---------------

Threads class SMR info:
_java_thread_list=0x0000600003cec320, length=11, elements={
0x000000011e808200, 0x000000011f82c200, 0x000000011f82ea00, 0x000000011f82fa00,
0x000000011d020000, 0x000000011d024600, 0x000000011d024c00, 0x000000014500a400,
0x0000000145012a00, 0x000000011e8c1000, 0x000000011c809200
}

Java Threads: ( => current thread )
=>0x000000011e808200 JavaThread "main" [_thread_in_native, id=10243, stack(0x000000016d11c000,0x000000016d31f000)]
  0x000000011f82c200 JavaThread "Reference Handler" daemon [_thread_blocked, id=16643, stack(0x000000016df70000,0x000000016e173000)]
  0x000000011f82ea00 JavaThread "Finalizer" daemon [_thread_blocked, id=15363, stack(0x000000016e17c000,0x000000016e37f000)]
  0x000000011f82fa00 JavaThread "Signal Dispatcher" daemon [_thread_blocked, id=41987, stack(0x000000016e4a0000,0x000000016e6a3000)]
  0x000000011d020000 JavaThread "Service Thread" daemon [_thread_blocked, id=41731, stack(0x000000016e6ac000,0x000000016e8af000)]
  0x000000011d024600 JavaThread "Monitor Deflation Thread" daemon [_thread_blocked, id=41219, stack(0x000000016e8b8000,0x000000016eabb000)]
  0x000000011d024c00 JavaThread "C2 CompilerThread0" daemon [_thread_blocked, id=23043, stack(0x000000016eac4000,0x000000016ecc7000)]
  0x000000014500a400 JavaThread "C1 CompilerThread0" daemon [_thread_blocked, id=40963, stack(0x000000016ecd0000,0x000000016eed3000)]
  0x0000000145012a00 JavaThread "Sweeper thread" daemon [_thread_blocked, id=23555, stack(0x000000016eedc000,0x000000016f0df000)]
  0x000000011e8c1000 JavaThread "Notification Thread" daemon [_thread_blocked, id=40195, stack(0x000000016f0e8000,0x000000016f2eb000)]
  0x000000011c809200 JavaThread "Common-Cleaner" daemon [_thread_blocked, id=39171, stack(0x000000016f500000,0x000000016f703000)]

Other Threads:
  0x000000011c706680 VMThread "VM Thread" [stack: 0x000000016dd64000,0x000000016df67000] [id=14851]
  0x0000000103b09810 WatcherThread [stack: 0x000000016f2f4000,0x000000016f4f7000] [id=39683]
  0x000000011d807270 GCTaskThread "GC Thread#0" [stack: 0x000000016d328000,0x000000016d52b000] [id=19971]
  0x0000000103b042b0 ConcurrentGCThread "G1 Main Marker" [stack: 0x000000016d534000,0x000000016d737000] [id=19715]
  0x0000000103b04b30 ConcurrentGCThread "G1 Conc#0" [stack: 0x000000016d740000,0x000000016d943000] [id=13059]
  0x000000011c704730 ConcurrentGCThread "G1 Refine#0" [stack: 0x000000016d94c000,0x000000016db4f000] [id=13315]
  0x000000011c6048f0 ConcurrentGCThread "G1 Service" [stack: 0x000000016db58000,0x000000016dd5b000] [id=13571]

Threads with active compile tasks:

VM state: not at safepoint (normal execution)

VM Mutex/Monitor currently owned by a thread: None

Heap address: 0x0000000700000000, size: 4096 MB, Compressed Oops mode: Zero based, Oop shift amount: 3

CDS archive(s) mapped at: [0x0000000800000000-0x0000000800bd8000-0x0000000800bd8000), size 12419072, SharedBaseAddress: 0x0000000800000000, ArchiveRelocationMode: 0.
Compressed class space mapped at: 0x0000000800c00000-0x0000000840c00000, reserved size: 1073741824
Narrow klass base: 0x0000000800000000, Narrow klass shift: 0, Narrow klass range: 0x100000000

GC Precious Log:
 CPUs: 8 total, 8 available
 Memory: 16384M
 Large Page Support: Disabled
 NUMA Support: Disabled
 Compressed Oops: Enabled (Zero based)
 Heap Region Size: 2M
 Heap Min Capacity: 8M
 Heap Initial Capacity: 256M
 Heap Max Capacity: 4G
 Pre-touch: Disabled
 Parallel Workers: 8
 Concurrent Workers: 2
 Concurrent Refinement Workers: 8
 Periodic GC: Disabled

Heap:
 garbage-first heap   total 266240K, used 2016K [0x0000000700000000, 0x0000000800000000)
  region size 2048K, 1 young (2048K), 0 survivors (0K)
 Metaspace       used 477K, committed 640K, reserved 1056768K
  class space    used 48K, committed 128K, reserved 1048576K

Heap Regions: E=young(eden), S=young(survivor), O=old, HS=humongous(starts), HC=humongous(continues), CS=collection set, F=free, OA=open archive, CA=closed archive, TAMS=top-at-mark-start (previous, next)
|   0|0x0000000700000000, 0x0000000700000000, 0x0000000700200000|  0%| F|  |TAMS 0x0000000700000000, 0x0000000700000000| Untracked 
|   1|0x0000000700200000, 0x0000000700200000, 0x0000000700400000|  0%| F|  |TAMS 0x0000000700200000, 0x0000000700200000| Untracked 
|   2|0x0000000700400000, 0x0000000700400000, 0x0000000700600000|  0%| F|  |TAMS 0x0000000700400000, 0x0000000700400000| Untracked 
|   3|0x0000000700600000, 0x0000000700600000, 0x0000000700800000|  0%| F|  |TAMS 0x0000000700600000, 0x0000000700600000| Untracked 
|   4|0x0000000700800000, 0x0000000700800000, 0x0000000700a00000|  0%| F|  |TAMS 0x0000000700800000, 0x0000000700800000| Untracked 
|   5|0x0000000700a00000, 0x0000000700a00000, 0x0000000700c00000|  0%| F|  |TAMS 0x0000000700a00000, 0x0000000700a00000| Untracked 
|   6|0x0000000700c00000, 0x0000000700c00000, 0x0000000700e00000|  0%| F|  |TAMS 0x0000000700c00000, 0x0000000700c00000| Untracked 
|   7|0x0000000700e00000, 0x0000000700e00000, 0x0000000701000000|  0%| F|  |TAMS 0x0000000700e00000, 0x0000000700e00000| Untracked 
|   8|0x0000000701000000, 0x0000000701000000, 0x0000000701200000|  0%| F|  |TAMS 0x0000000701000000, 0x0000000701000000| Untracked 
|   9|0x0000000701200000, 0x0000000701200000, 0x0000000701400000|  0%| F|  |TAMS 0x0000000701200000, 0x0000000701200000| Untracked 
|  10|0x0000000701400000, 0x0000000701400000, 0x0000000701600000|  0%| F|  |TAMS 0x0000000701400000, 0x0000000701400000| Untracked 
|  11|0x0000000701600000, 0x0000000701600000, 0x0000000701800000|  0%| F|  |TAMS 0x0000000701600000, 0x0000000701600000| Untracked 
|  12|0x0000000701800000, 0x0000000701800000, 0x0000000701a00000|  0%| F|  |TAMS 0x0000000701800000, 0x0000000701800000| Untracked 
|  13|0x0000000701a00000, 0x0000000701a00000, 0x0000000701c00000|  0%| F|  |TAMS 0x0000000701a00000, 0x0000000701a00000| Untracked 
|  14|0x0000000701c00000, 0x0000000701c00000, 0x0000000701e00000|  0%| F|  |TAMS 0x0000000701c00000, 0x0000000701c00000| Untracked 
|  15|0x0000000701e00000, 0x0000000701e00000, 0x0000000702000000|  0%| F|  |TAMS 0x0000000701e00000, 0x0000000701e00000| Untracked 
|  16|0x0000000702000000, 0x0000000702000000, 0x0000000702200000|  0%| F|  |TAMS 0x0000000702000000, 0x0000000702000000| Untracked 
|  17|0x0000000702200000, 0x0000000702200000, 0x0000000702400000|  0%| F|  |TAMS 0x0000000702200000, 0x0000000702200000| Untracked 
|  18|0x0000000702400000, 0x0000000702400000, 0x0000000702600000|  0%| F|  |TAMS 0x0000000702400000, 0x0000000702400000| Untracked 
|  19|0x0000000702600000, 0x0000000702600000, 0x0000000702800000|  0%| F|  |TAMS 0x0000000702600000, 0x0000000702600000| Untracked 
|  20|0x0000000702800000, 0x0000000702800000, 0x0000000702a00000|  0%| F|  |TAMS 0x0000000702800000, 0x0000000702800000| Untracked 
|  21|0x0000000702a00000, 0x0000000702a00000, 0x0000000702c00000|  0%| F|  |TAMS 0x0000000702a00000, 0x0000000702a00000| Untracked 
|  22|0x0000000702c00000, 0x0000000702c00000, 0x0000000702e00000|  0%| F|  |TAMS 0x0000000702c00000, 0x0000000702c00000| Untracked 
|  23|0x0000000702e00000, 0x0000000702e00000, 0x0000000703000000|  0%| F|  |TAMS 0x0000000702e00000, 0x0000000702e00000| Untracked 
|  24|0x0000000703000000, 0x0000000703000000, 0x0000000703200000|  0%| F|  |TAMS 0x0000000703000000, 0x0000000703000000| Untracked 
|  25|0x0000000703200000, 0x0000000703200000, 0x0000000703400000|  0%| F|  |TAMS 0x0000000703200000, 0x0000000703200000| Untracked 
|  26|0x0000000703400000, 0x0000000703400000, 0x0000000703600000|  0%| F|  |TAMS 0x0000000703400000, 0x0000000703400000| Untracked 
|  27|0x0000000703600000, 0x0000000703600000, 0x0000000703800000|  0%| F|  |TAMS 0x0000000703600000, 0x0000000703600000| Untracked 
|  28|0x0000000703800000, 0x0000000703800000, 0x0000000703a00000|  0%| F|  |TAMS 0x0000000703800000, 0x0000000703800000| Untracked 
|  29|0x0000000703a00000, 0x0000000703a00000, 0x0000000703c00000|  0%| F|  |TAMS 0x0000000703a00000, 0x0000000703a00000| Untracked 
|  30|0x0000000703c00000, 0x0000000703c00000, 0x0000000703e00000|  0%| F|  |TAMS 0x0000000703c00000, 0x0000000703c00000| Untracked 
|  31|0x0000000703e00000, 0x0000000703e00000, 0x0000000704000000|  0%| F|  |TAMS 0x0000000703e00000, 0x0000000703e00000| Untracked 
|  32|0x0000000704000000, 0x0000000704000000, 0x0000000704200000|  0%| F|  |TAMS 0x0000000704000000, 0x0000000704000000| Untracked 
|  33|0x0000000704200000, 0x0000000704200000, 0x0000000704400000|  0%| F|  |TAMS 0x0000000704200000, 0x0000000704200000| Untracked 
|  34|0x0000000704400000, 0x0000000704400000, 0x0000000704600000|  0%| F|  |TAMS 0x0000000704400000, 0x0000000704400000| Untracked 
|  35|0x0000000704600000, 0x0000000704600000, 0x0000000704800000|  0%| F|  |TAMS 0x0000000704600000, 0x0000000704600000| Untracked 
|  36|0x0000000704800000, 0x0000000704800000, 0x0000000704a00000|  0%| F|  |TAMS 0x0000000704800000, 0x0000000704800000| Untracked 
|  37|0x0000000704a00000, 0x0000000704a00000, 0x0000000704c00000|  0%| F|  |TAMS 0x0000000704a00000, 0x0000000704a00000| Untracked 
|  38|0x0000000704c00000, 0x0000000704c00000, 0x0000000704e00000|  0%| F|  |TAMS 0x0000000704c00000, 0x0000000704c00000| Untracked 
|  39|0x0000000704e00000, 0x0000000704e00000, 0x0000000705000000|  0%| F|  |TAMS 0x0000000704e00000, 0x0000000704e00000| Untracked 
|  40|0x0000000705000000, 0x0000000705000000, 0x0000000705200000|  0%| F|  |TAMS 0x0000000705000000, 0x0000000705000000| Untracked 
|  41|0x0000000705200000, 0x0000000705200000, 0x0000000705400000|  0%| F|  |TAMS 0x0000000705200000, 0x0000000705200000| Untracked 
|  42|0x0000000705400000, 0x0000000705400000, 0x0000000705600000|  0%| F|  |TAMS 0x0000000705400000, 0x0000000705400000| Untracked 
|  43|0x0000000705600000, 0x0000000705600000, 0x0000000705800000|  0%| F|  |TAMS 0x0000000705600000, 0x0000000705600000| Untracked 
|  44|0x0000000705800000, 0x0000000705800000, 0x0000000705a00000|  0%| F|  |TAMS 0x0000000705800000, 0x0000000705800000| Untracked 
|  45|0x0000000705a00000, 0x0000000705a00000, 0x0000000705c00000|  0%| F|  |TAMS 0x0000000705a00000, 0x0000000705a00000| Untracked 
|  46|0x0000000705c00000, 0x0000000705c00000, 0x0000000705e00000|  0%| F|  |TAMS 0x0000000705c00000, 0x0000000705c00000| Untracked 
|  47|0x0000000705e00000, 0x0000000705e00000, 0x0000000706000000|  0%| F|  |TAMS 0x0000000705e00000, 0x0000000705e00000| Untracked 
|  48|0x0000000706000000, 0x0000000706000000, 0x0000000706200000|  0%| F|  |TAMS 0x0000000706000000, 0x0000000706000000| Untracked 
|  49|0x0000000706200000, 0x0000000706200000, 0x0000000706400000|  0%| F|  |TAMS 0x0000000706200000, 0x0000000706200000| Untracked 
|  50|0x0000000706400000, 0x0000000706400000, 0x0000000706600000|  0%| F|  |TAMS 0x0000000706400000, 0x0000000706400000| Untracked 
|  51|0x0000000706600000, 0x0000000706600000, 0x0000000706800000|  0%| F|  |TAMS 0x0000000706600000, 0x0000000706600000| Untracked 
|  52|0x0000000706800000, 0x0000000706800000, 0x0000000706a00000|  0%| F|  |TAMS 0x0000000706800000, 0x0000000706800000| Untracked 
|  53|0x0000000706a00000, 0x0000000706a00000, 0x0000000706c00000|  0%| F|  |TAMS 0x0000000706a00000, 0x0000000706a00000| Untracked 
|  54|0x0000000706c00000, 0x0000000706c00000, 0x0000000706e00000|  0%| F|  |TAMS 0x0000000706c00000, 0x0000000706c00000| Untracked 
|  55|0x0000000706e00000, 0x0000000706e00000, 0x0000000707000000|  0%| F|  |TAMS 0x0000000706e00000, 0x0000000706e00000| Untracked 
|  56|0x0000000707000000, 0x0000000707000000, 0x0000000707200000|  0%| F|  |TAMS 0x0000000707000000, 0x0000000707000000| Untracked 
|  57|0x0000000707200000, 0x0000000707200000, 0x0000000707400000|  0%| F|  |TAMS 0x0000000707200000, 0x0000000707200000| Untracked 
|  58|0x0000000707400000, 0x0000000707400000, 0x0000000707600000|  0%| F|  |TAMS 0x0000000707400000, 0x0000000707400000| Untracked 
|  59|0x0000000707600000, 0x0000000707600000, 0x0000000707800000|  0%| F|  |TAMS 0x0000000707600000, 0x0000000707600000| Untracked 
|  60|0x0000000707800000, 0x0000000707800000, 0x0000000707a00000|  0%| F|  |TAMS 0x0000000707800000, 0x0000000707800000| Untracked 
|  61|0x0000000707a00000, 0x0000000707a00000, 0x0000000707c00000|  0%| F|  |TAMS 0x0000000707a00000, 0x0000000707a00000| Untracked 
|  62|0x0000000707c00000, 0x0000000707c00000, 0x0000000707e00000|  0%| F|  |TAMS 0x0000000707c00000, 0x0000000707c00000| Untracked 
|  63|0x0000000707e00000, 0x0000000707e00000, 0x0000000708000000|  0%| F|  |TAMS 0x0000000707e00000, 0x0000000707e00000| Untracked 
|  64|0x0000000708000000, 0x0000000708000000, 0x0000000708200000|  0%| F|  |TAMS 0x0000000708000000, 0x0000000708000000| Untracked 
|  65|0x0000000708200000, 0x0000000708200000, 0x0000000708400000|  0%| F|  |TAMS 0x0000000708200000, 0x0000000708200000| Untracked 
|  66|0x0000000708400000, 0x0000000708400000, 0x0000000708600000|  0%| F|  |TAMS 0x0000000708400000, 0x0000000708400000| Untracked 
|  67|0x0000000708600000, 0x0000000708600000, 0x0000000708800000|  0%| F|  |TAMS 0x0000000708600000, 0x0000000708600000| Untracked 
|  68|0x0000000708800000, 0x0000000708800000, 0x0000000708a00000|  0%| F|  |TAMS 0x0000000708800000, 0x0000000708800000| Untracked 
|  69|0x0000000708a00000, 0x0000000708a00000, 0x0000000708c00000|  0%| F|  |TAMS 0x0000000708a00000, 0x0000000708a00000| Untracked 
|  70|0x0000000708c00000, 0x0000000708c00000, 0x0000000708e00000|  0%| F|  |TAMS 0x0000000708c00000, 0x0000000708c00000| Untracked 
|  71|0x0000000708e00000, 0x0000000708e00000, 0x0000000709000000|  0%| F|  |TAMS 0x0000000708e00000, 0x0000000708e00000| Untracked 
|  72|0x0000000709000000, 0x0000000709000000, 0x0000000709200000|  0%| F|  |TAMS 0x0000000709000000, 0x0000000709000000| Untracked 
|  73|0x0000000709200000, 0x0000000709200000, 0x0000000709400000|  0%| F|  |TAMS 0x0000000709200000, 0x0000000709200000| Untracked 
|  74|0x0000000709400000, 0x0000000709400000, 0x0000000709600000|  0%| F|  |TAMS 0x0000000709400000, 0x0000000709400000| Untracked 
|  75|0x0000000709600000, 0x0000000709600000, 0x0000000709800000|  0%| F|  |TAMS 0x0000000709600000, 0x0000000709600000| Untracked 
|  76|0x0000000709800000, 0x0000000709800000, 0x0000000709a00000|  0%| F|  |TAMS 0x0000000709800000, 0x0000000709800000| Untracked 
|  77|0x0000000709a00000, 0x0000000709a00000, 0x0000000709c00000|  0%| F|  |TAMS 0x0000000709a00000, 0x0000000709a00000| Untracked 
|  78|0x0000000709c00000, 0x0000000709c00000, 0x0000000709e00000|  0%| F|  |TAMS 0x0000000709c00000, 0x0000000709c00000| Untracked 
|  79|0x0000000709e00000, 0x0000000709e00000, 0x000000070a000000|  0%| F|  |TAMS 0x0000000709e00000, 0x0000000709e00000| Untracked 
|  80|0x000000070a000000, 0x000000070a000000, 0x000000070a200000|  0%| F|  |TAMS 0x000000070a000000, 0x000000070a000000| Untracked 
|  81|0x000000070a200000, 0x000000070a200000, 0x000000070a400000|  0%| F|  |TAMS 0x000000070a200000, 0x000000070a200000| Untracked 
|  82|0x000000070a400000, 0x000000070a400000, 0x000000070a600000|  0%| F|  |TAMS 0x000000070a400000, 0x000000070a400000| Untracked 
|  83|0x000000070a600000, 0x000000070a600000, 0x000000070a800000|  0%| F|  |TAMS 0x000000070a600000, 0x000000070a600000| Untracked 
|  84|0x000000070a800000, 0x000000070a800000, 0x000000070aa00000|  0%| F|  |TAMS 0x000000070a800000, 0x000000070a800000| Untracked 
|  85|0x000000070aa00000, 0x000000070aa00000, 0x000000070ac00000|  0%| F|  |TAMS 0x000000070aa00000, 0x000000070aa00000| Untracked 
|  86|0x000000070ac00000, 0x000000070ac00000, 0x000000070ae00000|  0%| F|  |TAMS 0x000000070ac00000, 0x000000070ac00000| Untracked 
|  87|0x000000070ae00000, 0x000000070ae00000, 0x000000070b000000|  0%| F|  |TAMS 0x000000070ae00000, 0x000000070ae00000| Untracked 
|  88|0x000000070b000000, 0x000000070b000000, 0x000000070b200000|  0%| F|  |TAMS 0x000000070b000000, 0x000000070b000000| Untracked 
|  89|0x000000070b200000, 0x000000070b200000, 0x000000070b400000|  0%| F|  |TAMS 0x000000070b200000, 0x000000070b200000| Untracked 
|  90|0x000000070b400000, 0x000000070b400000, 0x000000070b600000|  0%| F|  |TAMS 0x000000070b400000, 0x000000070b400000| Untracked 
|  91|0x000000070b600000, 0x000000070b600000, 0x000000070b800000|  0%| F|  |TAMS 0x000000070b600000, 0x000000070b600000| Untracked 
|  92|0x000000070b800000, 0x000000070b800000, 0x000000070ba00000|  0%| F|  |TAMS 0x000000070b800000, 0x000000070b800000| Untracked 
|  93|0x000000070ba00000, 0x000000070ba00000, 0x000000070bc00000|  0%| F|  |TAMS 0x000000070ba00000, 0x000000070ba00000| Untracked 
|  94|0x000000070bc00000, 0x000000070bc00000, 0x000000070be00000|  0%| F|  |TAMS 0x000000070bc00000, 0x000000070bc00000| Untracked 
|  95|0x000000070be00000, 0x000000070be00000, 0x000000070c000000|  0%| F|  |TAMS 0x000000070be00000, 0x000000070be00000| Untracked 
|  96|0x000000070c000000, 0x000000070c000000, 0x000000070c200000|  0%| F|  |TAMS 0x000000070c000000, 0x000000070c000000| Untracked 
|  97|0x000000070c200000, 0x000000070c200000, 0x000000070c400000|  0%| F|  |TAMS 0x000000070c200000, 0x000000070c200000| Untracked 
|  98|0x000000070c400000, 0x000000070c400000, 0x000000070c600000|  0%| F|  |TAMS 0x000000070c400000, 0x000000070c400000| Untracked 
|  99|0x000000070c600000, 0x000000070c600000, 0x000000070c800000|  0%| F|  |TAMS 0x000000070c600000, 0x000000070c600000| Untracked 
| 100|0x000000070c800000, 0x000000070c800000, 0x000000070ca00000|  0%| F|  |TAMS 0x000000070c800000, 0x000000070c800000| Untracked 
| 101|0x000000070ca00000, 0x000000070ca00000, 0x000000070cc00000|  0%| F|  |TAMS 0x000000070ca00000, 0x000000070ca00000| Untracked 
| 102|0x000000070cc00000, 0x000000070cc00000, 0x000000070ce00000|  0%| F|  |TAMS 0x000000070cc00000, 0x000000070cc00000| Untracked 
| 103|0x000000070ce00000, 0x000000070ce00000, 0x000000070d000000|  0%| F|  |TAMS 0x000000070ce00000, 0x000000070ce00000| Untracked 
| 104|0x000000070d000000, 0x000000070d000000, 0x000000070d200000|  0%| F|  |TAMS 0x000000070d000000, 0x000000070d000000| Untracked 
| 105|0x000000070d200000, 0x000000070d200000, 0x000000070d400000|  0%| F|  |TAMS 0x000000070d200000, 0x000000070d200000| Untracked 
| 106|0x000000070d400000, 0x000000070d400000, 0x000000070d600000|  0%| F|  |TAMS 0x000000070d400000, 0x000000070d400000| Untracked 
| 107|0x000000070d600000, 0x000000070d600000, 0x000000070d800000|  0%| F|  |TAMS 0x000000070d600000, 0x000000070d600000| Untracked 
| 108|0x000000070d800000, 0x000000070d800000, 0x000000070da00000|  0%| F|  |TAMS 0x000000070d800000, 0x000000070d800000| Untracked 
| 109|0x000000070da00000, 0x000000070da00000, 0x000000070dc00000|  0%| F|  |TAMS 0x000000070da00000, 0x000000070da00000| Untracked 
| 110|0x000000070dc00000, 0x000000070dc00000, 0x000000070de00000|  0%| F|  |TAMS 0x000000070dc00000, 0x000000070dc00000| Untracked 
| 111|0x000000070de00000, 0x000000070de00000, 0x000000070e000000|  0%| F|  |TAMS 0x000000070de00000, 0x000000070de00000| Untracked 
| 112|0x000000070e000000, 0x000000070e000000, 0x000000070e200000|  0%| F|  |TAMS 0x000000070e000000, 0x000000070e000000| Untracked 
| 113|0x000000070e200000, 0x000000070e200000, 0x000000070e400000|  0%| F|  |TAMS 0x000000070e200000, 0x000000070e200000| Untracked 
| 114|0x000000070e400000, 0x000000070e400000, 0x000000070e600000|  0%| F|  |TAMS 0x000000070e400000, 0x000000070e400000| Untracked 
| 115|0x000000070e600000, 0x000000070e600000, 0x000000070e800000|  0%| F|  |TAMS 0x000000070e600000, 0x000000070e600000| Untracked 
| 116|0x000000070e800000, 0x000000070e800000, 0x000000070ea00000|  0%| F|  |TAMS 0x000000070e800000, 0x000000070e800000| Untracked 
| 117|0x000000070ea00000, 0x000000070ea00000, 0x000000070ec00000|  0%| F|  |TAMS 0x000000070ea00000, 0x000000070ea00000| Untracked 
| 118|0x000000070ec00000, 0x000000070ec00000, 0x000000070ee00000|  0%| F|  |TAMS 0x000000070ec00000, 0x000000070ec00000| Untracked 
| 119|0x000000070ee00000, 0x000000070ee00000, 0x000000070f000000|  0%| F|  |TAMS 0x000000070ee00000, 0x000000070ee00000| Untracked 
| 120|0x000000070f000000, 0x000000070f000000, 0x000000070f200000|  0%| F|  |TAMS 0x000000070f000000, 0x000000070f000000| Untracked 
| 121|0x000000070f200000, 0x000000070f200000, 0x000000070f400000|  0%| F|  |TAMS 0x000000070f200000, 0x000000070f200000| Untracked 
| 122|0x000000070f400000, 0x000000070f400000, 0x000000070f600000|  0%| F|  |TAMS 0x000000070f400000, 0x000000070f400000| Untracked 
| 123|0x000000070f600000, 0x000000070f600000, 0x000000070f800000|  0%| F|  |TAMS 0x000000070f600000, 0x000000070f600000| Untracked 
| 124|0x000000070f800000, 0x000000070f800000, 0x000000070fa00000|  0%| F|  |TAMS 0x000000070f800000, 0x000000070f800000| Untracked 
| 125|0x000000070fa00000, 0x000000070fa00000, 0x000000070fc00000|  0%| F|  |TAMS 0x000000070fa00000, 0x000000070fa00000| Untracked 
| 126|0x000000070fc00000, 0x000000070fc00000, 0x000000070fe00000|  0%| F|  |TAMS 0x000000070fc00000, 0x000000070fc00000| Untracked 
| 127|0x000000070fe00000, 0x000000070ff522d8, 0x0000000710000000| 66%| E|  |TAMS 0x000000070fe00000, 0x000000070fe00000| Complete 
|2046|0x00000007ffc00000, 0x00000007ffd78000, 0x00000007ffe00000| 73%|OA|  |TAMS 0x00000007ffc00000, 0x00000007ffc00000| Untracked 
|2047|0x00000007ffe00000, 0x00000007ffe80000, 0x0000000800000000| 25%|CA|  |TAMS 0x00000007ffe00000, 0x00000007ffe00000| Untracked 

Card table byte_map: [0x000000011b81c000,0x000000011c01c000] _byte_map_base: 0x000000011801c000

Marking Bits (Prev, Next): (CMBitMap*) 0x000000011f808210, (CMBitMap*) 0x000000011f808250
 Prev Bits: [0x0000000130000000, 0x0000000134000000)
 Next Bits: [0x0000000134000000, 0x0000000138000000)

Polling page: 0x0000000102ef4000

Metaspace:

Usage:
  Non-class:    428.95 KB used.
      Class:     48.62 KB used.
       Both:    477.57 KB used.

Virtual space:
  Non-class space:        8.00 MB reserved,     512.00 KB (  6%) committed,  1 nodes.
      Class space:        1.00 GB reserved,     128.00 KB ( <1%) committed,  1 nodes.
             Both:        1.01 GB reserved,     640.00 KB ( <1%) committed. 

Chunk freelists:
   Non-Class:  3.95 MB
       Class:  3.73 MB
        Both:  7.68 MB

MaxMetaspaceSize: unlimited
CompressedClassSpaceSize: 1.00 GB
Initial GC threshold: 21.00 MB
Current GC threshold: 21.00 MB
CDS: on
MetaspaceReclaimPolicy: balanced
 - commit_granule_bytes: 65536.
 - commit_granule_words: 8192.
 - virtual_space_node_default_size: 1048576.
 - enlarge_chunks_in_place: 1.
 - new_chunks_are_fully_committed: 0.
 - uncommit_free_chunks: 1.
 - use_allocation_guard: 0.
 - handle_deallocations: 1.


Internal statistics:

num_allocs_failed_limit: 0.
num_arena_births: 10.
num_arena_deaths: 0.
num_vsnodes_births: 2.
num_vsnodes_deaths: 0.
num_space_committed: 10.
num_space_uncommitted: 0.
num_chunks_returned_to_freelist: 0.
num_chunks_taken_from_freelist: 18.
num_chunk_merges: 0.
num_chunk_splits: 8.
num_chunks_enlarged: 5.
num_purges: 0.
num_inconsistent_stats: 0.

CodeHeap 'non-profiled nmethods': size=120032Kb used=27Kb max_used=27Kb free=120004Kb
 bounds [0x00000001142e4000, 0x0000000114554000, 0x000000011b81c000]
CodeHeap 'profiled nmethods': size=120016Kb used=95Kb max_used=95Kb free=119920Kb
 bounds [0x000000010c81c000, 0x000000010ca8c000, 0x0000000113d50000]
CodeHeap 'non-nmethods': size=5712Kb used=1084Kb max_used=1098Kb free=4627Kb
 bounds [0x0000000113d50000, 0x0000000113fc0000, 0x00000001142e4000]
 total_blobs=464 nmethods=94 adapters=287
 compilation: enabled
              stopped_count=0, restarted_count=0
 full_count=0

Compilation events (20 events):
Event: 0.075 Thread 0x000000014500a400 nmethod 82 0x000000010c82f590 code [0x000000010c82f740, 0x000000010c82f898]
Event: 0.076 Thread 0x000000014500a400   85       3       java.nio.Buffer::nextPutIndex (30 bytes)
Event: 0.076 Thread 0x000000011d024c00   89       4       java.lang.String::coder (15 bytes)
Event: 0.076 Thread 0x000000014500a400 nmethod 85 0x000000010c82f990 code [0x000000010c82fb40, 0x000000010c82fd08]
Event: 0.076 Thread 0x000000014500a400   84       3       java.nio.HeapByteBuffer::ix (7 bytes)
Event: 0.076 Thread 0x000000014500a400 nmethod 84 0x000000010c82fe10 code [0x000000010c82ffc0, 0x000000010c8300d8]
Event: 0.076 Thread 0x000000014500a400   86       3       java.nio.HeapByteBuffer::put (16 bytes)
Event: 0.076 Thread 0x000000011d024c00 nmethod 89 0x00000001142ea810 code [0x00000001142ea980, 0x00000001142eaa10]
Event: 0.076 Thread 0x000000014500a400 nmethod 86 0x000000010c830190 code [0x000000010c830380, 0x000000010c830648]
Event: 0.076 Thread 0x000000014500a400   83       3       java.lang.StringUTF16::getChar (60 bytes)
Event: 0.077 Thread 0x000000014500a400 nmethod 83 0x000000010c830810 code [0x000000010c8309c0, 0x000000010c830b18]
Event: 0.077 Thread 0x000000014500a400   90       3       java.lang.StringBuilder::append (8 bytes)
Event: 0.077 Thread 0x000000014500a400 nmethod 90 0x000000010c830c10 code [0x000000010c830dc0, 0x000000010c830f48]
Event: 0.077 Thread 0x000000014500a400   91       3       java.lang.AbstractStringBuilder::append (45 bytes)
Event: 0.077 Thread 0x000000014500a400 nmethod 91 0x000000010c831010 code [0x000000010c831200, 0x000000010c8315a8]
Event: 0.077 Thread 0x000000014500a400   88       3       java.lang.StringLatin1::indexOf (36 bytes)
Event: 0.077 Thread 0x000000014500a400 nmethod 88 0x000000010c831790 code [0x000000010c831980, 0x000000010c831d58]
Event: 0.077 Thread 0x000000014500a400   87       3       java.nio.Buffer::remaining (20 bytes)
Event: 0.077 Thread 0x000000014500a400 nmethod 87 0x000000010c831f10 code [0x000000010c8320c0, 0x000000010c832258]
Event: 0.078 Thread 0x000000014500a400   93       3       java.lang.invoke.MethodType::makeImpl (109 bytes)

GC Heap History (0 events):
No events

Deoptimization events (0 events):
No events

Classes unloaded (0 events):
No events

Classes redefined (0 events):
No events

Internal exceptions (1 events):
Event: 0.072 Thread 0x000000011e808200 Exception <a 'java/lang/NoSuchMethodError'{0x000000070fe67e70}: 'void java.lang.invoke.DirectMethodHandle$Holder.invokeStatic(java.lang.Object, java.lang.Object, java.lang.Object)'> (0x000000070fe67e70) 
thrown [open/src/hotspot/share/interpreter/linkResolver.cpp, line 759]

VM Operations (0 events):
No events

Events (20 events):
Event: 0.075 loading class sun/nio/cs/ISO_8859_1
Event: 0.075 loading class sun/nio/cs/ISO_8859_1 done
Event: 0.075 loading class sun/nio/cs/UTF_16BE
Event: 0.075 loading class sun/nio/cs/UTF_16BE done
Event: 0.075 loading class sun/nio/cs/UTF_16LE
Event: 0.075 loading class sun/nio/cs/UTF_16LE done
Event: 0.075 loading class sun/nio/cs/UTF_16
Event: 0.075 loading class sun/nio/cs/UTF_16 done
Event: 0.075 loading class sun/nio/cs/UTF_16LE$Encoder
Event: 0.076 loading class sun/nio/cs/UnicodeEncoder
Event: 0.076 loading class sun/nio/cs/UnicodeEncoder done
Event: 0.076 loading class sun/nio/cs/UTF_16LE$Encoder done
Event: 0.076 loading class sun/nio/cs/UTF_16LE$Decoder
Event: 0.076 loading class sun/nio/cs/UnicodeDecoder
Event: 0.076 loading class java/nio/charset/CharsetDecoder
Event: 0.076 loading class java/nio/charset/CharsetDecoder done
Event: 0.076 loading class sun/nio/cs/UnicodeDecoder done
Event: 0.076 loading class sun/nio/cs/UTF_16LE$Decoder done
Event: 0.076 loading class sun/nio/cs/ArrayEncoder
Event: 0.076 loading class sun/nio/cs/ArrayEncoder done


Dynamic libraries:
0x0000000102ea4000 	/Library/Java/JavaVirtualMachines/jdk-17.jdk/Contents/Home/lib/libjli.dylib
0x00000001a2dea000 	/usr/lib/libz.1.dylib
0x00000001a2ea1000 	/usr/lib/libSystem.B.dylib
0x00000001a2e9b000 	/usr/lib/system/libcache.dylib
0x00000001a2e59000 	/usr/lib/system/libcommonCrypto.dylib
0x00000001a2e82000 	/usr/lib/system/libcompiler_rt.dylib
0x00000001a2e79000 	/usr/lib/system/libcopyfile.dylib
0x00000001980bf000 	/usr/lib/system/libcorecrypto.dylib
0x0000000198174000 	/usr/lib/system/libdispatch.dylib
0x0000000198342000 	/usr/lib/system/libdyld.dylib
0x00000001a2e91000 	/usr/lib/system/libkeymgr.dylib
0x00000001a2e34000 	/usr/lib/system/libmacho.dylib
0x00000001a2524000 	/usr/lib/system/libquarantine.dylib
0x00000001a2e8e000 	/usr/lib/system/libremovefile.dylib
0x000000019d4ba000 	/usr/lib/system/libsystem_asl.dylib
0x0000000198061000 	/usr/lib/system/libsystem_blocks.dylib
0x00000001981fc000 	/usr/lib/system/libsystem_c.dylib
0x00000001a2e86000 	/usr/lib/system/libsystem_collections.dylib
0x00000001a19b9000 	/usr/lib/system/libsystem_configuration.dylib
0x00000001a0c12000 	/usr/lib/system/libsystem_containermanager.dylib
0x00000001a2b91000 	/usr/lib/system/libsystem_coreservices.dylib
0x000000019aa73000 	/usr/lib/system/libsystem_darwin.dylib
0x00000001a2e92000 	/usr/lib/system/libsystem_dnssd.dylib
0x00000001981f9000 	/usr/lib/system/libsystem_featureflags.dylib
0x0000000198357000 	/usr/lib/system/libsystem_info.dylib
0x00000001a2dfc000 	/usr/lib/system/libsystem_m.dylib
0x0000000198149000 	/usr/lib/system/libsystem_malloc.dylib
0x000000019d448000 	/usr/lib/system/libsystem_networkextension.dylib
0x000000019aecc000 	/usr/lib/system/libsystem_notify.dylib
0x00000001a91f5000 	/usr/lib/system/libsystem_product_info_filter.dylib
0x00000001a19be000 	/usr/lib/system/libsystem_sandbox.dylib
0x00000001a2e8b000 	/usr/lib/system/libsystem_secinit.dylib
0x00000001982fd000 	/usr/lib/system/libsystem_kernel.dylib
0x000000019834f000 	/usr/lib/system/libsystem_platform.dylib
0x0000000198335000 	/usr/lib/system/libsystem_pthread.dylib
0x000000019ec1e000 	/usr/lib/system/libsystem_symptoms.dylib
0x00000001980a5000 	/usr/lib/system/libsystem_trace.dylib
0x00000001a2e66000 	/usr/lib/system/libunwind.dylib
0x0000000198063000 	/usr/lib/system/libxpc.dylib
0x00000001982e5000 	/usr/lib/libc++abi.dylib
0x00000001981bb000 	/usr/lib/libobjc.A.dylib
0x00000001a2e71000 	/usr/lib/liboah.dylib
0x000000019827e000 	/usr/lib/libc++.1.dylib
0x00000001aed24000 	/System/Library/Frameworks/Cocoa.framework/Versions/A/Cocoa
0x000000019af2d000 	/System/Library/Frameworks/AppKit.framework/Versions/C/AppKit
0x000000019e444000 	/System/Library/Frameworks/CoreData.framework/Versions/A/CoreData
0x0000000199288000 	/System/Library/Frameworks/Foundation.framework/Versions/C/Foundation
0x000000019bde6000 	/System/Library/PrivateFrameworks/UIFoundation.framework/Versions/A/UIFoundation
0x00000001a8eef000 	/System/Library/PrivateFrameworks/RemoteViewServices.framework/Versions/A/RemoteViewServices
0x00000001a1360000 	/System/Library/PrivateFrameworks/XCTTargetBootstrap.framework/Versions/A/XCTTargetBootstrap
0x00000001a4be3000 	/System/Library/PrivateFrameworks/InternationalSupport.framework/Versions/A/InternationalSupport
0x00000001a4c6c000 	/System/Library/PrivateFrameworks/UserActivity.framework/Versions/A/UserActivity
0x00000001a40d8000 	/usr/lib/libspindump.dylib
0x000000019c057000 	/System/Library/Frameworks/UniformTypeIdentifiers.framework/Versions/A/UniformTypeIdentifiers
0x000000019f8a8000 	/usr/lib/libapp_launch_measurement.dylib
0x000000019edd0000 	/System/Library/PrivateFrameworks/CoreAnalytics.framework/Versions/A/CoreAnalytics
0x000000019f8ab000 	/System/Library/PrivateFrameworks/CoreAutoLayout.framework/Versions/A/CoreAutoLayout
0x00000001a0c4f000 	/System/Library/Frameworks/Metal.framework/Versions/A/Metal
0x00000001a19c9000 	/usr/lib/liblangid.dylib
0x00000001a1365000 	/System/Library/PrivateFrameworks/CoreSVG.framework/Versions/A/CoreSVG
0x000000019d4ee000 	/System/Library/PrivateFrameworks/SkyLight.framework/Versions/A/SkyLight
0x000000019d8ca000 	/System/Library/Frameworks/CoreGraphics.framework/Versions/A/CoreGraphics
0x00000001a95bb000 	/System/Library/Frameworks/Accelerate.framework/Versions/A/Accelerate
0x00000001a3b4f000 	/System/Library/PrivateFrameworks/IconServices.framework/Versions/A/IconServices
0x00000001a0c31000 	/System/Library/Frameworks/IOSurface.framework/Versions/A/IOSurface
0x000000019ee01000 	/usr/lib/libDiagnosticMessagesClient.dylib
0x00000001acac1000 	/System/Library/Frameworks/ApplicationServices.framework/Versions/A/ApplicationServices
0x00000001a1348000 	/System/Library/PrivateFrameworks/DFRFoundation.framework/Versions/A/DFRFoundation
0x000000019a7bd000 	/usr/lib/libicucore.A.dylib
0x00000001a5a91000 	/System/Library/Frameworks/AudioToolbox.framework/Versions/A/AudioToolbox
0x00000001a4bef000 	/System/Library/PrivateFrameworks/DataDetectorsCore.framework/Versions/A/DataDetectorsCore
0x00000001bb60d000 	/System/Library/PrivateFrameworks/TextInput.framework/Versions/A/TextInput
0x000000019d463000 	/usr/lib/libMobileGestalt.dylib
0x00000001a1014000 	/System/Library/Frameworks/Carbon.framework/Versions/A/Frameworks/HIToolbox.framework/Versions/A/HIToolbox
0x000000019f281000 	/System/Library/Frameworks/QuartzCore.framework/Versions/A/QuartzCore
0x000000019a43e000 	/System/Library/Frameworks/Security.framework/Versions/A/Security
0x00000001a8f2f000 	/System/Library/Frameworks/Carbon.framework/Versions/A/Frameworks/SpeechRecognition.framework/Versions/A/SpeechRecognition
0x000000019f5fd000 	/System/Library/PrivateFrameworks/CoreUI.framework/Versions/A/CoreUI
0x0000000199d1a000 	/System/Library/Frameworks/CoreAudio.framework/Versions/A/CoreAudio
0x000000019eef5000 	/System/Library/Frameworks/DiskArbitration.framework/Versions/A/DiskArbitration
0x00000001a44e2000 	/System/Library/PrivateFrameworks/MultitouchSupport.framework/Versions/A/MultitouchSupport
0x000000019d461000 	/usr/lib/libenergytrace.dylib
0x000000019adf5000 	/System/Library/Frameworks/IOKit.framework/Versions/A/IOKit
0x00000001a931e000 	/System/Library/Frameworks/CoreServices.framework/Versions/A/CoreServices
0x000000019f838000 	/System/Library/PrivateFrameworks/PerformanceAnalysis.framework/Versions/A/PerformanceAnalysis
0x00000001f9ab7000 	/System/Library/Frameworks/OpenGL.framework/Versions/A/OpenGL
0x00000001a243c000 	/System/Library/PrivateFrameworks/MobileKeyBag.framework/Versions/A/MobileKeyBag
0x000000019ded8000 	/System/Library/Frameworks/ColorSync.framework/Versions/A/ColorSync
0x0000000198384000 	/System/Library/Frameworks/CoreFoundation.framework/Versions/A/CoreFoundation
0x00000001a15e5000 	/System/Library/Frameworks/CoreImage.framework/Versions/A/CoreImage
0x0000000199b3e000 	/System/Library/Frameworks/CoreText.framework/Versions/A/CoreText
0x00000001a1395000 	/System/Library/Frameworks/ImageIO.framework/Versions/A/ImageIO
0x00000001a2ea7000 	/System/Library/PrivateFrameworks/SoftLinking.framework/Versions/A/SoftLinking
0x000000019f8f6000 	/usr/lib/libxml2.2.dylib
0x00000001a3140000 	/usr/lib/libcompression.dylib
0x00000001a4b3f000 	/System/Library/PrivateFrameworks/TextureIO.framework/Versions/A/TextureIO
0x00000001a3868000 	/usr/lib/libate.dylib
0x00000001a372d000 	/usr/lib/liblzma.5.dylib
0x0000000198f7b000 	/System/Library/Frameworks/SystemConfiguration.framework/Versions/A/SystemConfiguration
0x00000001a2ea3000 	/usr/lib/libfakelink.dylib
0x000000019cf93000 	/System/Library/Frameworks/CFNetwork.framework/Versions/A/CFNetwork
0x00000001a2fe9000 	/usr/lib/libarchive.2.dylib
0x00000001a19c5000 	/System/Library/PrivateFrameworks/AppleSystemInfo.framework/Versions/A/AppleSystemInfo
0x00000001a254f000 	/usr/lib/libbsm.0.dylib
0x000000019c500000 	/usr/lib/libnetwork.dylib
0x00000001a2e3d000 	/usr/lib/system/libkxld.dylib
0x00000001a2169000 	/System/Library/PrivateFrameworks/IOMobileFramebuffer.framework/Versions/A/IOMobileFramebuffer
0x0000000217ea6000 	/usr/lib/libCoreEntitlements.dylib
0x00000001a2b73000 	/System/Library/PrivateFrameworks/AppleFSCompression.framework/Versions/A/AppleFSCompression
0x00000001a2537000 	/usr/lib/libcoretls.dylib
0x00000001a3746000 	/usr/lib/libcoretls_cfhelpers.dylib
0x00000001a313b000 	/usr/lib/libpam.2.dylib
0x000000019e834000 	/usr/lib/libsqlite3.dylib
0x00000001a37af000 	/usr/lib/libxar.1.dylib
0x00000001a2b84000 	/usr/lib/libbz2.1.0.dylib
0x00000001a2ea8000 	/usr/lib/libpcap.A.dylib
0x000000019ec15000 	/usr/lib/libdns_services.dylib
0x00000001a310e000 	/usr/lib/libapple_nghttp2.dylib
0x00000001a2ee5000 	/usr/lib/libiconv.2.dylib
0x00000001a2e33000 	/usr/lib/libcharset.1.dylib
0x000000019f874000 	/System/Library/Frameworks/CoreServices.framework/Versions/A/Frameworks/FSEvents.framework/Versions/A/FSEvents
0x000000019aa7e000 	/System/Library/Frameworks/CoreServices.framework/Versions/A/Frameworks/CarbonCore.framework/Versions/A/CarbonCore
0x000000019ee55000 	/System/Library/Frameworks/CoreServices.framework/Versions/A/Frameworks/Metadata.framework/Versions/A/Metadata
0x00000001a2b97000 	/System/Library/Frameworks/CoreServices.framework/Versions/A/Frameworks/OSServices.framework/Versions/A/OSServices
0x00000001a306f000 	/System/Library/Frameworks/CoreServices.framework/Versions/A/Frameworks/SearchKit.framework/Versions/A/SearchKit
0x000000019eba3000 	/System/Library/Frameworks/CoreServices.framework/Versions/A/Frameworks/AE.framework/Versions/A/AE
0x00000001988cb000 	/System/Library/Frameworks/CoreServices.framework/Versions/A/Frameworks/LaunchServices.framework/Versions/A/LaunchServices
0x00000001a36d6000 	/System/Library/Frameworks/CoreServices.framework/Versions/A/Frameworks/DictionaryServices.framework/Versions/A/DictionaryServices
0x000000019f881000 	/System/Library/Frameworks/CoreServices.framework/Versions/A/Frameworks/SharedFileList.framework/Versions/A/SharedFileList
0x00000001a2527000 	/usr/lib/libCheckFix.dylib
0x000000019d4d2000 	/System/Library/PrivateFrameworks/TCC.framework/Versions/A/TCC
0x00000001a19cb000 	/System/Library/PrivateFrameworks/CoreNLP.framework/Versions/A/CoreNLP
0x000000019ee04000 	/System/Library/PrivateFrameworks/MetadataUtilities.framework/Versions/A/MetadataUtilities
0x0000000199035000 	/usr/lib/libmecabra.dylib
0x00000001a2560000 	/usr/lib/libmecab.dylib
0x0000000199001000 	/usr/lib/libCRFSuite.dylib
0x00000001a25bd000 	/usr/lib/libgermantok.dylib
0x00000001a30e7000 	/usr/lib/libThaiTokenizer.dylib
0x000000019eefd000 	/System/Library/Frameworks/Accelerate.framework/Versions/A/Frameworks/vImage.framework/Versions/A/vImage
0x00000001a92f5000 	/System/Library/Frameworks/Accelerate.framework/Versions/A/Frameworks/vecLib.framework/Versions/A/vecLib
0x00000001a37f4000 	/System/Library/Frameworks/Accelerate.framework/Versions/A/Frameworks/vecLib.framework/Versions/A/libvMisc.dylib
0x00000001a2070000 	/System/Library/Frameworks/Accelerate.framework/Versions/A/Frameworks/vecLib.framework/Versions/A/libvDSP.dylib
0x0000000198c56000 	/System/Library/Frameworks/Accelerate.framework/Versions/A/Frameworks/vecLib.framework/Versions/A/libBLAS.dylib
0x00000001a3211000 	/System/Library/Frameworks/Accelerate.framework/Versions/A/Frameworks/vecLib.framework/Versions/A/libLAPACK.dylib
0x00000001a25c0000 	/System/Library/Frameworks/Accelerate.framework/Versions/A/Frameworks/vecLib.framework/Versions/A/libLinearAlgebra.dylib
0x00000001a3126000 	/System/Library/Frameworks/Accelerate.framework/Versions/A/Frameworks/vecLib.framework/Versions/A/libSparseBLAS.dylib
0x00000001a320c000 	/System/Library/Frameworks/Accelerate.framework/Versions/A/Frameworks/vecLib.framework/Versions/A/libQuadrature.dylib
0x00000001a1ac4000 	/System/Library/Frameworks/Accelerate.framework/Versions/A/Frameworks/vecLib.framework/Versions/A/libBNNS.dylib
0x0000000198f14000 	/System/Library/Frameworks/Accelerate.framework/Versions/A/Frameworks/vecLib.framework/Versions/A/libSparse.dylib
0x00000001a1abc000 	/System/Library/PrivateFrameworks/LinguisticData.framework/Versions/A/LinguisticData
0x0000000198ecc000 	/System/Library/PrivateFrameworks/Lexicon.framework/Versions/A/Lexicon
0x00000001a37ec000 	/usr/lib/libChineseTokenizer.dylib
0x000000019967a000 	/System/Library/PrivateFrameworks/LanguageModeling.framework/Versions/A/LanguageModeling
0x00000001a30e9000 	/System/Library/PrivateFrameworks/AppleSauce.framework/Versions/A/AppleSauce
0x00000001a2156000 	/System/Library/PrivateFrameworks/CoreEmoji.framework/Versions/A/CoreEmoji
0x00000001a2fd7000 	/usr/lib/libcmph.dylib
0x000000019f854000 	/System/Library/Frameworks/OpenDirectory.framework/Versions/A/Frameworks/CFOpenDirectory.framework/Versions/A/CFOpenDirectory
0x000000019f844000 	/System/Library/Frameworks/OpenDirectory.framework/Versions/A/OpenDirectory
0x00000001a3748000 	/System/Library/PrivateFrameworks/APFS.framework/Versions/A/APFS
0x00000001a2477000 	/System/Library/Frameworks/SecurityFoundation.framework/Versions/A/SecurityFoundation
0x00000001a37be000 	/usr/lib/libutil.dylib
0x000000019adb7000 	/System/Library/PrivateFrameworks/CoreServicesStore.framework/Versions/A/CoreServicesStore
0x00000001a37c2000 	/usr/lib/libxslt.1.dylib
0x00000001a250b000 	/System/Library/PrivateFrameworks/BackgroundTaskManagement.framework/Versions/A/BackgroundTaskManagement
0x00000001a4a60000 	/System/Library/Frameworks/ImageIO.framework/Versions/A/Resources/libRadiance.dylib
0x00000001a4a69000 	/System/Library/Frameworks/ImageIO.framework/Versions/A/Resources/libJPEG.dylib
0x00000001a49ba000 	/System/Library/Frameworks/ImageIO.framework/Versions/A/Resources/libPng.dylib
0x00000001a49dc000 	/System/Library/Frameworks/ImageIO.framework/Versions/A/Resources/libTIFF.dylib
0x00000001a4ac4000 	/System/Library/Frameworks/ImageIO.framework/Versions/A/Resources/libGIF.dylib
0x00000001a43f2000 	/System/Library/Frameworks/ImageIO.framework/Versions/A/Resources/libJP2.dylib
0x00000001a3b14000 	/usr/lib/libexpat.1.dylib
0x00000001a43ad000 	/System/Library/PrivateFrameworks/AppleJPEG.framework/Versions/A/AppleJPEG
0x00000001a0ed0000 	/System/Library/PrivateFrameworks/FontServices.framework/libFontParser.dylib
0x000000019eb48000 	/System/Library/PrivateFrameworks/RunningBoardServices.framework/Versions/A/RunningBoardServices
0x00000001af3fb000 	/System/Library/PrivateFrameworks/IOSurfaceAccelerator.framework/Versions/A/IOSurfaceAccelerator
0x00000001a44de000 	/System/Library/PrivateFrameworks/WatchdogClient.framework/Versions/A/WatchdogClient
0x000000019977a000 	/System/Library/Frameworks/CoreDisplay.framework/Versions/A/CoreDisplay
0x00000001a0dba000 	/System/Library/Frameworks/CoreMedia.framework/Versions/A/CoreMedia
0x00000001a0c45000 	/System/Library/PrivateFrameworks/IOAccelerator.framework/Versions/A/IOAccelerator
0x000000019f9e4000 	/System/Library/Frameworks/CoreVideo.framework/Versions/A/CoreVideo
0x00000001a3139000 	/System/Library/Frameworks/MetalPerformanceShaders.framework/Versions/A/MetalPerformanceShaders
0x00000001a451d000 	/System/Library/Frameworks/VideoToolbox.framework/Versions/A/VideoToolbox
0x000000019ea8c000 	/System/Library/PrivateFrameworks/BaseBoard.framework/Versions/A/BaseBoard
0x000000019e81a000 	/System/Library/PrivateFrameworks/ProtocolBuffer.framework/Versions/A/ProtocolBuffer
0x00000001a4a5b000 	/System/Library/PrivateFrameworks/GPUWrangler.framework/Versions/A/GPUWrangler
0x00000001a4a3b000 	/System/Library/PrivateFrameworks/IOPresentment.framework/Versions/A/IOPresentment
0x00000001a4a63000 	/System/Library/PrivateFrameworks/DSExternalDisplay.framework/Versions/A/DSExternalDisplay
0x00000001f9aaa000 	/System/Library/Frameworks/OpenGL.framework/Versions/A/Libraries/libCoreFSCache.dylib
0x0000000204974000 	/System/Library/PrivateFrameworks/GPUCompiler.framework/Versions/31001/Libraries/libGPUCompilerUtils.dylib
0x00000001a4ac9000 	/System/Library/PrivateFrameworks/CMCaptureCore.framework/Versions/A/CMCaptureCore
0x00000001a40c5000 	/System/Library/PrivateFrameworks/AppServerSupport.framework/Versions/A/AppServerSupport
0x00000001a634f000 	/System/Library/PrivateFrameworks/perfdata.framework/Versions/A/perfdata
0x000000019989a000 	/System/Library/PrivateFrameworks/AudioToolboxCore.framework/Versions/A/AudioToolboxCore
0x00000001a0d93000 	/System/Library/PrivateFrameworks/caulk.framework/Versions/A/caulk
0x00000001a5c44000 	/usr/lib/libAudioStatistics.dylib
0x00000001b7c60000 	/System/Library/PrivateFrameworks/SystemPolicy.framework/Versions/A/SystemPolicy
0x00000001a5eb0000 	/usr/lib/libSMC.dylib
0x00000001aec02000 	/System/Library/Frameworks/CoreMIDI.framework/Versions/A/CoreMIDI
0x00000001a4988000 	/usr/lib/libAudioToolboxUtility.dylib
0x00000001b3dc3000 	/System/Library/PrivateFrameworks/OSAServicesClient.framework/Versions/A/OSAServicesClient
0x00000001a635c000 	/usr/lib/libperfcheck.dylib
0x00000001b877f000 	/usr/lib/libmis.dylib
0x00000001f9b0c000 	/System/Library/Frameworks/OpenGL.framework/Versions/A/Libraries/libGLU.dylib
0x00000001f9acb000 	/System/Library/Frameworks/OpenGL.framework/Versions/A/Libraries/libGFXShared.dylib
0x00000001f9cb8000 	/System/Library/Frameworks/OpenGL.framework/Versions/A/Libraries/libGL.dylib
0x00000001f9ad4000 	/System/Library/Frameworks/OpenGL.framework/Versions/A/Libraries/libGLImage.dylib
0x00000001f9ac8000 	/System/Library/Frameworks/OpenGL.framework/Versions/A/Libraries/libCVMSPluginSupport.dylib
0x00000001f9ab1000 	/System/Library/Frameworks/OpenGL.framework/Versions/A/Libraries/libCoreVMClient.dylib
0x00000001a1945000 	/System/Library/Frameworks/MetalPerformanceShaders.framework/Versions/A/Frameworks/MPSCore.framework/Versions/A/MPSCore
0x00000001a2ae6000 	/System/Library/Frameworks/MetalPerformanceShaders.framework/Versions/A/Frameworks/MPSImage.framework/Versions/A/MPSImage
0x00000001a25d5000 	/System/Library/Frameworks/MetalPerformanceShaders.framework/Versions/A/Frameworks/MPSNeuralNetwork.framework/Versions/A/MPSNeuralNetwork
0x00000001a2a0e000 	/System/Library/Frameworks/MetalPerformanceShaders.framework/Versions/A/Frameworks/MPSMatrix.framework/Versions/A/MPSMatrix
0x00000001a27e7000 	/System/Library/Frameworks/MetalPerformanceShaders.framework/Versions/A/Frameworks/MPSRayIntersector.framework/Versions/A/MPSRayIntersector
0x00000001a2a3f000 	/System/Library/Frameworks/MetalPerformanceShaders.framework/Versions/A/Frameworks/MPSNDArray.framework/Versions/A/MPSNDArray
0x00000001fc5b3000 	/System/Library/Frameworks/MetalPerformanceShaders.framework/Versions/A/Frameworks/MPSFunctions.framework/Versions/A/MPSFunctions
0x0000000198b2c000 	/System/Library/PrivateFrameworks/MetalTools.framework/Versions/A/MetalTools
0x00000001a19c3000 	/System/Library/PrivateFrameworks/AggregateDictionary.framework/Versions/A/AggregateDictionary
0x00000001a38f9000 	/usr/lib/libIOReport.dylib
0x00000001adc1b000 	/System/Library/PrivateFrameworks/ASEProcessing.framework/Versions/A/ASEProcessing
0x00000001a3c6e000 	/System/Library/PrivateFrameworks/FaceCore.framework/Versions/A/FaceCore
0x00000001a3c60000 	/System/Library/PrivateFrameworks/GraphVisualizer.framework/Versions/A/GraphVisualizer
0x000000020488b000 	/System/Library/PrivateFrameworks/FontServices.framework/Versions/A/FontServices
0x00000001a4081000 	/System/Library/PrivateFrameworks/OTSVG.framework/Versions/A/OTSVG
0x000000019f5ad000 	/System/Library/Frameworks/ApplicationServices.framework/Versions/A/Frameworks/ATS.framework/Versions/A/Resources/libFontRegistry.dylib
0x00000001a40ce000 	/System/Library/PrivateFrameworks/FontServices.framework/libhvf.dylib
0x000000020488c000 	/System/Library/PrivateFrameworks/FontServices.framework/libXTFontStaticRegistryData.dylib
0x00000001f9e59000 	/System/Library/Frameworks/OpenCL.framework/Versions/A/OpenCL
0x00000001a3ac8000 	/System/Library/PrivateFrameworks/AppleVA.framework/Versions/A/AppleVA
0x00000001a5c6c000 	/System/Library/Frameworks/ApplicationServices.framework/Versions/A/Frameworks/ATS.framework/Versions/A/ATS
0x000000019dfd7000 	/System/Library/Frameworks/ApplicationServices.framework/Versions/A/Frameworks/HIServices.framework/Versions/A/HIServices
0x00000001a4ad3000 	/System/Library/Frameworks/ApplicationServices.framework/Versions/A/Frameworks/PrintCore.framework/Versions/A/PrintCore
0x00000001a6003000 	/System/Library/Frameworks/ApplicationServices.framework/Versions/A/Frameworks/QD.framework/Versions/A/QD
0x00000001a5ffb000 	/System/Library/Frameworks/ApplicationServices.framework/Versions/A/Frameworks/ColorSyncLegacy.framework/Versions/A/ColorSyncLegacy
0x00000001a5c58000 	/System/Library/Frameworks/ApplicationServices.framework/Versions/A/Frameworks/SpeechSynthesis.framework/Versions/A/SpeechSynthesis
0x00000001a4a94000 	/System/Library/Frameworks/ApplicationServices.framework/Versions/A/Frameworks/ATSUI.framework/Versions/A/ATSUI
0x00000001a5f90000 	/usr/lib/libcups.2.dylib
0x00000001a636a000 	/System/Library/Frameworks/Kerberos.framework/Versions/A/Kerberos
0x00000001a637b000 	/System/Library/Frameworks/GSS.framework/Versions/A/GSS
0x00000001a5cdc000 	/usr/lib/libresolv.9.dylib
0x00000001a40dd000 	/System/Library/PrivateFrameworks/Heimdal.framework/Versions/A/Heimdal
0x00000001ace51000 	/System/Library/Frameworks/Kerberos.framework/Versions/A/Libraries/libHeimdalProxy.dylib
0x000000019ec27000 	/System/Library/Frameworks/Network.framework/Versions/A/Network
0x00000001a3b2f000 	/usr/lib/libheimdal-asn1.dylib
0x00000001a63cb000 	/System/Library/PrivateFrameworks/CommonAuth.framework/Versions/A/CommonAuth
0x00000001a5bd2000 	/System/Library/PrivateFrameworks/AudioSession.framework/Versions/A/AudioSession
0x00000001a3bc1000 	/System/Library/PrivateFrameworks/MediaExperience.framework/Versions/A/MediaExperience
0x00000001a5a57000 	/System/Library/PrivateFrameworks/AudioSession.framework/libSessionUtility.dylib
0x00000001a600f000 	/System/Library/PrivateFrameworks/AudioResourceArbitration.framework/Versions/A/AudioResourceArbitration
0x00000001aa1d2000 	/System/Library/PrivateFrameworks/PowerLog.framework/Versions/A/PowerLog
0x00000001a3b39000 	/System/Library/PrivateFrameworks/IconFoundation.framework/Versions/A/IconFoundation
0x00000001a8f1b000 	/System/Library/PrivateFrameworks/SpeechRecognitionCore.framework/Versions/A/SpeechRecognitionCore
0x00000001ddd4c000 	/System/Library/CoreServices/Encodings/libKoreanConverter.dylib
0x0000000104118000 	/Library/Java/JavaVirtualMachines/jdk-17.jdk/Contents/Home/lib/server/libjvm.dylib
0x0000000102f08000 	/Library/Java/JavaVirtualMachines/jdk-17.jdk/Contents/Home/lib/libjimage.dylib
0x0000000102f90000 	/Library/Java/JavaVirtualMachines/jdk-17.jdk/Contents/Home/lib/libjava.dylib
0x0000000103e78000 	/Users/kws/tmax_cloud/tree-sitter/tree-sitter-parser/libjava-tree-sitter.dylib
0x0000000103138000 	/Library/Java/JavaVirtualMachines/jdk-17.jdk/Contents/Home/lib/libnio.dylib
0x0000000103d24000 	/Library/Java/JavaVirtualMachines/jdk-17.jdk/Contents/Home/lib/libnet.dylib
0x0000000103118000 	/Library/Java/JavaVirtualMachines/jdk-17.jdk/Contents/Home/lib/libzip.dylib


VM Arguments:
jvm_args: -Dfile.encoding=UTF-8 -Duser.country=KR -Duser.language=ko -Duser.variant 
java_command: org.example.ProjectParser
java_class_path (initial): /Users/kws/tmax_cloud/tree-sitter/tree-sitter-parser/build/classes/java/main:/Users/kws/tmax_cloud/tree-sitter/tree-sitter-parser/build/resources/main:/Users/kws/.gradle/caches/modules-2/files-2.1/com.github.serenadeai/java-tree-sitter/1.1.2/daffaca6816b45c45f263e46eb6a3d7672c41065/java-tree-sitter-1.1.2.jar
Launcher Type: SUN_STANDARD

[Global flags]
     intx CICompilerCount                          = 4                                         {product} {ergonomic}
     uint ConcGCThreads                            = 2                                         {product} {ergonomic}
     uint G1ConcRefinementThreads                  = 8                                         {product} {ergonomic}
   size_t G1HeapRegionSize                         = 2097152                                   {product} {ergonomic}
    uintx GCDrainStackTargetSize                   = 64                                        {product} {ergonomic}
   size_t InitialHeapSize                          = 268435456                                 {product} {ergonomic}
   size_t MarkStackSize                            = 4194304                                   {product} {ergonomic}
   size_t MaxHeapSize                              = 4294967296                                {product} {ergonomic}
   size_t MaxNewSize                               = 2575302656                                {product} {ergonomic}
   size_t MinHeapDeltaBytes                        = 2097152                                   {product} {ergonomic}
   size_t MinHeapSize                              = 8388608                                   {product} {ergonomic}
    uintx NonNMethodCodeHeapSize                   = 5839564                                {pd product} {ergonomic}
    uintx NonProfiledCodeHeapSize                  = 122909338                              {pd product} {ergonomic}
    uintx ProfiledCodeHeapSize                     = 122909338                              {pd product} {ergonomic}
    uintx ReservedCodeCacheSize                    = 251658240                              {pd product} {ergonomic}
     bool SegmentedCodeCache                       = true                                      {product} {ergonomic}
   size_t SoftMaxHeapSize                          = 4294967296                             {manageable} {ergonomic}
     bool UseCompressedClassPointers               = true                           {product lp64_product} {ergonomic}
     bool UseCompressedOops                        = true                           {product lp64_product} {ergonomic}
     bool UseG1GC                                  = true                                      {product} {ergonomic}
     bool UseNUMA                                  = false                                     {product} {ergonomic}
     bool UseNUMAInterleaving                      = false                                     {product} {ergonomic}

Logging:
Log output configuration:
 #0: stdout all=warning uptime,level,tags
 #1: stderr all=off uptime,level,tags

Environment Variables:
JAVA_HOME=/Library/Java/JavaVirtualMachines/jdk-17.jdk/Contents/Home
CLASSPATH=./Library/Java/JavaVirtualMachines/jdk-17.jdk/Contents/Home/lib/tools.jar
PATH=/Users/kws/bin:/usr/local/bin//opt/homebrew/opt/python@3.11/bin/python3.11:/opt/homebrew/bin:/opt/homebrew/sbin:/usr/local/bin:/usr/bin:/bin:/usr/sbin:/sbin:/usr/local/share/dotnet:~/.dotnet/tools:/Library/Java/JavaVirtualMachines/jdk-17.jdk/Contents/Home/bin
SHELL=/bin/zsh
LC_CTYPE=ko_KR.UTF-8

Signal Handlers:
   SIGSEGV: crash_handler in libjvm.dylib, mask=11100110000111110111111111111111, flags=SA_RESTART|SA_SIGINFO
    SIGBUS: crash_handler in libjvm.dylib, mask=11100110000111110111111111111111, flags=SA_RESTART|SA_SIGINFO
    SIGFPE: crash_handler in libjvm.dylib, mask=11100110000111110111111111111111, flags=SA_RESTART|SA_SIGINFO
   SIGPIPE: javaSignalHandler in libjvm.dylib, mask=11100110000111110111111111111111, flags=SA_RESTART|SA_SIGINFO
   SIGXFSZ: javaSignalHandler in libjvm.dylib, mask=11100110000111110111111111111111, flags=SA_RESTART|SA_SIGINFO
    SIGILL: crash_handler in libjvm.dylib, mask=11100110000111110111111111111111, flags=SA_RESTART|SA_SIGINFO
   SIGUSR2: SR_handler in libjvm.dylib, mask=00100000000000000000000000000000, flags=SA_RESTART|SA_SIGINFO
    SIGHUP: UserHandler in libjvm.dylib, mask=11100110000111110111111111111111, flags=SA_RESTART|SA_SIGINFO
    SIGINT: UserHandler in libjvm.dylib, mask=11100110000111110111111111111111, flags=SA_RESTART|SA_SIGINFO
   SIGTERM: UserHandler in libjvm.dylib, mask=11100110000111110111111111111111, flags=SA_RESTART|SA_SIGINFO
   SIGQUIT: UserHandler in libjvm.dylib, mask=11100110000111110111111111111111, flags=SA_RESTART|SA_SIGINFO
   SIGTRAP: crash_handler in libjvm.dylib, mask=11100110000111110111111111111111, flags=SA_RESTART|SA_SIGINFO


---------------  S Y S T E M  ---------------

OS:
uname: Darwin 21.6.0 Darwin Kernel Version 21.6.0: Mon Aug 22 20:20:05 PDT 2022; root:xnu-8020.140.49~2/RELEASE_ARM64_T8101 arm64
OS uptime: 108 days 2:25 hours
rlimit (soft/hard): STACK 8176k/65520k , CORE 0k/infinity , NPROC 2666/4000 , NOFILE 10240/infinity , AS infinity/infinity , CPU infinity/infinity , DATA infinity/infinity , FSIZE infinity/infinity , MEMLOCK infinity/infinity , RSS infinity/infinity
load average: 3.29 2.54 2.47

CPU: total 8 (initial active 8) 0x61:0x0:0x1b588bb3:0, fp, simd, crc, lse

Memory: 16k page, physical 16777216k(78032k free), swap 7340032k(1164096k free)

vm_info: Java HotSpot(TM) 64-Bit Server VM (17.0.6+9-LTS-190) for bsd-aarch64 JRE (17.0.6+9-LTS-190), built on Dec  6 2022 15:53:25 by "mach5one" with clang Apple LLVM 12.0.0 (clang-1200.0.32.29)

END.
